2019-06-25 14:11:53.0766 [restartedMain] INFO   com.dmsoft.fire.FireApplication 652 - No active profile set, falling back to default profiles: default
2019-06-25 14:11:53.0783 [restartedMain] INFO   o.s.b.w.s.c.AnnotationConfigServletWebServerApplicationContext 589 - Refreshing org.springframework.boot.web.servlet.context.AnnotationConfigServletWebServerApplicationContext@7fe223da: startup date [Tue Jun 25 14:11:53 CST 2019]; parent: org.springframework.context.annotation.AnnotationConfigApplicationContext@31e66e61
2019-06-25 14:11:54.0281 [restartedMain] INFO   o.s.b.f.s.DefaultListableBeanFactory 824 - Overriding bean definition for bean 'redisUtil' with a different definition: replacing [Generic bean: class [com.dmsoft.fire.util.RedisUtil]; scope=singleton; abstract=false; lazyInit=false; autowireMode=0; dependencyCheck=0; autowireCandidate=true; primary=false; factoryBeanName=null; factoryMethodName=null; initMethodName=null; destroyMethodName=null; defined in file [C:\Users\Administrator\Desktop\fire\target\classes\com\dmsoft\fire\util\RedisUtil.class]] with [Root bean: class [null]; scope=; abstract=false; lazyInit=false; autowireMode=3; dependencyCheck=0; autowireCandidate=true; primary=false; factoryBeanName=redisConfig; factoryMethodName=redisUtil; initMethodName=null; destroyMethodName=(inferred); defined in class path resource [com/dmsoft/fire/config/RedisConfig.class]]
2019-06-25 14:11:54.0413 [restartedMain] INFO   o.s.d.r.c.RepositoryConfigurationDelegate 163 - Multiple Spring Data modules found, entering strict repository configuration mode!
2019-06-25 14:11:54.0480 [restartedMain] INFO   o.s.d.r.c.RepositoryConfigurationDelegate 163 - Multiple Spring Data modules found, entering strict repository configuration mode!
2019-06-25 14:11:54.0502 [restartedMain] INFO   o.s.d.r.c.RepositoryConfigurationExtensionSupport 283 - Spring Data Redis - Could not safely identify store assignment for repository candidate interface com.dmsoft.fire.dao.CommodityDao.
2019-06-25 14:11:54.0503 [restartedMain] INFO   o.s.d.r.c.RepositoryConfigurationExtensionSupport 283 - Spring Data Redis - Could not safely identify store assignment for repository candidate interface com.dmsoft.fire.dao.SysLogDao.
2019-06-25 14:11:54.0542 [restartedMain] INFO   o.s.i.config.IntegrationRegistrar 338 - No bean named 'integrationHeaderChannelRegistry' has been explicitly defined. Therefore, a default DefaultHeaderChannelRegistry will be created.
2019-06-25 14:11:54.0689 [restartedMain] INFO   o.s.b.f.s.DefaultListableBeanFactory 824 - Overriding bean definition for bean 'dataSource' with a different definition: replacing [Root bean: class [null]; scope=refresh; abstract=false; lazyInit=false; autowireMode=3; dependencyCheck=0; autowireCandidate=false; primary=false; factoryBeanName=org.springframework.boot.autoconfigure.jdbc.DataSourceConfiguration$Hikari; factoryMethodName=dataSource; initMethodName=null; destroyMethodName=(inferred); defined in class path resource [org/springframework/boot/autoconfigure/jdbc/DataSourceConfiguration$Hikari.class]] with [Root bean: class [org.springframework.aop.scope.ScopedProxyFactoryBean]; scope=; abstract=false; lazyInit=false; autowireMode=0; dependencyCheck=0; autowireCandidate=true; primary=false; factoryBeanName=null; factoryMethodName=null; initMethodName=null; destroyMethodName=null; defined in BeanDefinition defined in class path resource [org/springframework/boot/autoconfigure/jdbc/DataSourceConfiguration$Hikari.class]]
2019-06-25 14:11:54.0833 [restartedMain] INFO   o.s.cloud.context.scope.GenericScope 294 - BeanFactory id=42d5deeb-f9d1-313d-bd3f-b25f3d4c807b
2019-06-25 14:11:54.0853 [restartedMain] INFO   o.s.i.c.DefaultConfiguringBeanFactoryPostProcessor 130 - No bean named 'errorChannel' has been explicitly defined. Therefore, a default PublishSubscribeChannel will be created.
2019-06-25 14:11:54.0858 [restartedMain] INFO   o.s.i.c.DefaultConfiguringBeanFactoryPostProcessor 158 - No bean named 'taskScheduler' has been explicitly defined. Therefore, a default ThreadPoolTaskScheduler will be created.
2019-06-25 14:11:54.0869 [restartedMain] INFO   o.s.b.f.a.AutowiredAnnotationBeanPostProcessor 154 - JSR-330 'javax.inject.Inject' annotation found and supported for autowiring
2019-06-25 14:11:55.0040 [restartedMain] INFO   o.s.c.s.PostProcessorRegistrationDelegate$BeanPostProcessorChecker 328 - Bean 'org.springframework.transaction.annotation.ProxyTransactionManagementConfiguration' of type [org.springframework.transaction.annotation.ProxyTransactionManagementConfiguration$$EnhancerBySpringCGLIB$$5d44c55c] is not eligible for getting processed by all BeanPostProcessors (for example: not eligible for auto-proxying)
2019-06-25 14:11:55.0170 [restartedMain] INFO   o.s.c.s.PostProcessorRegistrationDelegate$BeanPostProcessorChecker 328 - Bean 'redisConfig' of type [com.dmsoft.fire.config.RedisConfig$$EnhancerBySpringCGLIB$$439590fc] is not eligible for getting processed by all BeanPostProcessors (for example: not eligible for auto-proxying)
2019-06-25 14:11:55.0179 [restartedMain] INFO   o.s.c.s.PostProcessorRegistrationDelegate$BeanPostProcessorChecker 328 - Bean 'org.springframework.cache.annotation.ProxyCachingConfiguration' of type [org.springframework.cache.annotation.ProxyCachingConfiguration$$EnhancerBySpringCGLIB$$a656fb7a] is not eligible for getting processed by all BeanPostProcessors (for example: not eligible for auto-proxying)
2019-06-25 14:11:55.0221 [restartedMain] INFO   o.s.c.s.PostProcessorRegistrationDelegate$BeanPostProcessorChecker 328 - Bean 'org.springframework.integration.config.IntegrationManagementConfiguration' of type [org.springframework.integration.config.IntegrationManagementConfiguration$$EnhancerBySpringCGLIB$$c836808b] is not eligible for getting processed by all BeanPostProcessors (for example: not eligible for auto-proxying)
2019-06-25 14:11:55.0252 [restartedMain] INFO   o.s.c.s.PostProcessorRegistrationDelegate$BeanPostProcessorChecker 328 - Bean 'org.springframework.cloud.autoconfigure.ConfigurationPropertiesRebinderAutoConfiguration' of type [org.springframework.cloud.autoconfigure.ConfigurationPropertiesRebinderAutoConfiguration$$EnhancerBySpringCGLIB$$795ec859] is not eligible for getting processed by all BeanPostProcessors (for example: not eligible for auto-proxying)
2019-06-25 14:11:55.0764 [restartedMain] INFO   o.s.b.w.e.tomcat.TomcatWebServer 91 - Tomcat initialized with port(s): 8888 (http)
2019-06-25 14:11:55.0774 [restartedMain] INFO   o.a.coyote.http11.Http11NioProtocol 180 - Initializing ProtocolHandler ["http-nio-8888"]
2019-06-25 14:11:55.0782 [restartedMain] INFO   o.a.catalina.core.StandardService 180 - Starting service [Tomcat]
2019-06-25 14:11:55.0782 [restartedMain] INFO   o.a.catalina.core.StandardEngine 180 - Starting Servlet Engine: Apache Tomcat/8.5.28
2019-06-25 14:11:55.0786 [localhost-startStop-1] INFO   o.a.c.core.AprLifecycleListener 180 - Loaded APR based Apache Tomcat Native library [1.2.16] using APR version [1.6.3].
2019-06-25 14:11:55.0786 [localhost-startStop-1] INFO   o.a.c.core.AprLifecycleListener 180 - APR capabilities: IPv6 [true], sendfile [true], accept filters [false], random [true].
2019-06-25 14:11:55.0786 [localhost-startStop-1] INFO   o.a.c.core.AprLifecycleListener 180 - APR/OpenSSL configuration: useAprConnector [false], useOpenSSL [true]
2019-06-25 14:11:56.0834 [localhost-startStop-1] INFO   o.a.c.core.AprLifecycleListener 180 - OpenSSL successfully initialized [OpenSSL 1.0.2m  2 Nov 2017]
2019-06-25 14:11:56.0953 [localhost-startStop-1] INFO   o.a.c.c.C.[Tomcat].[localhost].[/] 180 - Initializing Spring embedded WebApplicationContext
2019-06-25 14:11:56.0953 [localhost-startStop-1] INFO   o.s.web.context.ContextLoader 285 - Root WebApplicationContext: initialization completed in 3170 ms
2019-06-25 14:11:57.0139 [localhost-startStop-1] INFO   o.s.b.w.s.ServletRegistrationBean 185 - Servlet dispatcherServlet mapped to [/]
2019-06-25 14:11:57.0143 [localhost-startStop-1] INFO   o.s.b.w.s.FilterRegistrationBean 243 - Mapping filter: 'characterEncodingFilter' to: [/*]
2019-06-25 14:11:57.0143 [localhost-startStop-1] INFO   o.s.b.w.s.FilterRegistrationBean 243 - Mapping filter: 'hiddenHttpMethodFilter' to: [/*]
2019-06-25 14:11:57.0143 [localhost-startStop-1] INFO   o.s.b.w.s.FilterRegistrationBean 243 - Mapping filter: 'httpPutFormContentFilter' to: [/*]
2019-06-25 14:11:57.0143 [localhost-startStop-1] INFO   o.s.b.w.s.FilterRegistrationBean 243 - Mapping filter: 'requestContextFilter' to: [/*]
2019-06-25 14:11:57.0198 [restartedMain] INFO   o.s.aop.framework.CglibAopProxy 272 - Method [void com.zaxxer.hikari.HikariConfig.seal()] is package-visible across different ClassLoaders and cannot get proxied via CGLIB: Declare this method as public or protected if you need to support invocations through the proxy.
2019-06-25 14:11:57.0377 [restartedMain] INFO   com.zaxxer.hikari.HikariDataSource 110 - HikariPool-1 - Starting...
2019-06-25 14:11:57.0517 [restartedMain] INFO   com.zaxxer.hikari.HikariDataSource 123 - HikariPool-1 - Start completed.
2019-06-25 14:11:57.0575 [restartedMain] INFO   o.s.o.j.LocalContainerEntityManagerFactoryBean 361 - Building JPA container EntityManagerFactory for persistence unit 'default'
2019-06-25 14:11:57.0587 [restartedMain] INFO   o.h.jpa.internal.util.LogHelper 31 - HHH000204: Processing PersistenceUnitInfo [
	name: default
	...]
2019-06-25 14:11:57.0665 [restartedMain] INFO   org.hibernate.Version 45 - HHH000412: Hibernate Core {5.2.14.Final}
2019-06-25 14:11:57.0666 [restartedMain] INFO   org.hibernate.cfg.Environment 213 - HHH000206: hibernate.properties not found
2019-06-25 14:11:57.0709 [restartedMain] INFO   o.h.annotations.common.Version 66 - HCANN000001: Hibernate Commons Annotations {5.0.1.Final}
2019-06-25 14:11:57.0842 [restartedMain] INFO   org.hibernate.dialect.Dialect 157 - HHH000400: Using dialect: org.hibernate.dialect.MySQL5Dialect
2019-06-25 14:11:58.0294 [restartedMain] INFO   o.s.o.j.LocalContainerEntityManagerFactoryBean 394 - Initialized JPA EntityManagerFactory for persistence unit 'default'
2019-06-25 14:11:58.0626 [restartedMain] INFO   o.a.r.client.consumer.MQPushConsumer 41 - MQ：启动消费者
2019-06-25 14:12:01.0102 [restartedMain] INFO   com.dmsoft.fire.mq.MqProducer 34 - MQ：启动生产者
2019-06-25 14:12:01.0156 [restartedMain] INFO   com.dmsoft.fire.netty.NettyServer 35 - Netty服务端正在启动...
2019-06-25 14:12:01.0158 [restartedMain] WARN   io.netty.bootstrap.ServerBootstrap 146 - Unknown channel option 'SO_KEEPALIVE' for channel '[id: 0x72db7612]'
2019-06-25 14:12:01.0169 [restartedMain] INFO   com.dmsoft.fire.netty.NettyServer 40 - Netty服务端启动成功！
2019-06-25 14:12:43.0712 [nioEventLoopGroup-5-1] WARN   i.n.channel.DefaultChannelPipeline 151 - An exceptionCaught() event was fired, and it reached at the tail of the pipeline. It usually means the last handler in the pipeline did not handle the exception.
java.io.IOException: 远程主机强迫关闭了一个现有的连接。
	at sun.nio.ch.SocketDispatcher.read0(Native Method)
	at sun.nio.ch.SocketDispatcher.read(SocketDispatcher.java:43)
	at sun.nio.ch.IOUtil.readIntoNativeBuffer(IOUtil.java:223)
	at sun.nio.ch.IOUtil.read(IOUtil.java:192)
	at sun.nio.ch.SocketChannelImpl.read(SocketChannelImpl.java:380)
	at io.netty.buffer.PooledUnsafeDirectByteBuf.setBytes(PooledUnsafeDirectByteBuf.java:288)
	at io.netty.buffer.AbstractByteBuf.writeBytes(AbstractByteBuf.java:1108)
	at io.netty.channel.socket.nio.NioSocketChannel.doReadBytes(NioSocketChannel.java:345)
	at io.netty.channel.nio.AbstractNioByteChannel$NioByteUnsafe.read(AbstractNioByteChannel.java:131)
	at io.netty.channel.nio.NioEventLoop.processSelectedKey(NioEventLoop.java:645)
	at io.netty.channel.nio.NioEventLoop.processSelectedKeysOptimized(NioEventLoop.java:580)
	at io.netty.channel.nio.NioEventLoop.processSelectedKeys(NioEventLoop.java:497)
	at io.netty.channel.nio.NioEventLoop.run(NioEventLoop.java:459)
	at io.netty.util.concurrent.SingleThreadEventExecutor$5.run(SingleThreadEventExecutor.java:886)
	at io.netty.util.concurrent.FastThreadLocalRunnable.run(FastThreadLocalRunnable.java:30)
	at java.lang.Thread.run(Thread.java:748)
2019-06-25 14:15:06.0097 [restartedMain] INFO   com.dmsoft.fire.FireApplication 652 - No active profile set, falling back to default profiles: default
2019-06-25 14:15:06.0113 [restartedMain] INFO   o.s.b.w.s.c.AnnotationConfigServletWebServerApplicationContext 589 - Refreshing org.springframework.boot.web.servlet.context.AnnotationConfigServletWebServerApplicationContext@1d8e621: startup date [Tue Jun 25 14:15:06 CST 2019]; parent: org.springframework.context.annotation.AnnotationConfigApplicationContext@49509888
2019-06-25 14:15:06.0612 [restartedMain] INFO   o.s.b.f.s.DefaultListableBeanFactory 824 - Overriding bean definition for bean 'redisUtil' with a different definition: replacing [Generic bean: class [com.dmsoft.fire.util.RedisUtil]; scope=singleton; abstract=false; lazyInit=false; autowireMode=0; dependencyCheck=0; autowireCandidate=true; primary=false; factoryBeanName=null; factoryMethodName=null; initMethodName=null; destroyMethodName=null; defined in file [C:\Users\Administrator\Desktop\fire\target\classes\com\dmsoft\fire\util\RedisUtil.class]] with [Root bean: class [null]; scope=; abstract=false; lazyInit=false; autowireMode=3; dependencyCheck=0; autowireCandidate=true; primary=false; factoryBeanName=redisConfig; factoryMethodName=redisUtil; initMethodName=null; destroyMethodName=(inferred); defined in class path resource [com/dmsoft/fire/config/RedisConfig.class]]
2019-06-25 14:15:06.0738 [restartedMain] INFO   o.s.d.r.c.RepositoryConfigurationDelegate 163 - Multiple Spring Data modules found, entering strict repository configuration mode!
2019-06-25 14:15:06.0806 [restartedMain] INFO   o.s.d.r.c.RepositoryConfigurationDelegate 163 - Multiple Spring Data modules found, entering strict repository configuration mode!
2019-06-25 14:15:06.0828 [restartedMain] INFO   o.s.d.r.c.RepositoryConfigurationExtensionSupport 283 - Spring Data Redis - Could not safely identify store assignment for repository candidate interface com.dmsoft.fire.dao.CommodityDao.
2019-06-25 14:15:06.0829 [restartedMain] INFO   o.s.d.r.c.RepositoryConfigurationExtensionSupport 283 - Spring Data Redis - Could not safely identify store assignment for repository candidate interface com.dmsoft.fire.dao.SysLogDao.
2019-06-25 14:15:06.0871 [restartedMain] INFO   o.s.i.config.IntegrationRegistrar 338 - No bean named 'integrationHeaderChannelRegistry' has been explicitly defined. Therefore, a default DefaultHeaderChannelRegistry will be created.
2019-06-25 14:15:07.0026 [restartedMain] INFO   o.s.b.f.s.DefaultListableBeanFactory 824 - Overriding bean definition for bean 'dataSource' with a different definition: replacing [Root bean: class [null]; scope=refresh; abstract=false; lazyInit=false; autowireMode=3; dependencyCheck=0; autowireCandidate=false; primary=false; factoryBeanName=org.springframework.boot.autoconfigure.jdbc.DataSourceConfiguration$Hikari; factoryMethodName=dataSource; initMethodName=null; destroyMethodName=(inferred); defined in class path resource [org/springframework/boot/autoconfigure/jdbc/DataSourceConfiguration$Hikari.class]] with [Root bean: class [org.springframework.aop.scope.ScopedProxyFactoryBean]; scope=; abstract=false; lazyInit=false; autowireMode=0; dependencyCheck=0; autowireCandidate=true; primary=false; factoryBeanName=null; factoryMethodName=null; initMethodName=null; destroyMethodName=null; defined in BeanDefinition defined in class path resource [org/springframework/boot/autoconfigure/jdbc/DataSourceConfiguration$Hikari.class]]
2019-06-25 14:15:07.0172 [restartedMain] INFO   o.s.cloud.context.scope.GenericScope 294 - BeanFactory id=42d5deeb-f9d1-313d-bd3f-b25f3d4c807b
2019-06-25 14:15:07.0191 [restartedMain] INFO   o.s.i.c.DefaultConfiguringBeanFactoryPostProcessor 130 - No bean named 'errorChannel' has been explicitly defined. Therefore, a default PublishSubscribeChannel will be created.
2019-06-25 14:15:07.0196 [restartedMain] INFO   o.s.i.c.DefaultConfiguringBeanFactoryPostProcessor 158 - No bean named 'taskScheduler' has been explicitly defined. Therefore, a default ThreadPoolTaskScheduler will be created.
2019-06-25 14:15:07.0208 [restartedMain] INFO   o.s.b.f.a.AutowiredAnnotationBeanPostProcessor 154 - JSR-330 'javax.inject.Inject' annotation found and supported for autowiring
2019-06-25 14:15:07.0362 [restartedMain] INFO   o.s.c.s.PostProcessorRegistrationDelegate$BeanPostProcessorChecker 328 - Bean 'org.springframework.transaction.annotation.ProxyTransactionManagementConfiguration' of type [org.springframework.transaction.annotation.ProxyTransactionManagementConfiguration$$EnhancerBySpringCGLIB$$9322a131] is not eligible for getting processed by all BeanPostProcessors (for example: not eligible for auto-proxying)
2019-06-25 14:15:07.0492 [restartedMain] INFO   o.s.c.s.PostProcessorRegistrationDelegate$BeanPostProcessorChecker 328 - Bean 'redisConfig' of type [com.dmsoft.fire.config.RedisConfig$$EnhancerBySpringCGLIB$$79736cd1] is not eligible for getting processed by all BeanPostProcessors (for example: not eligible for auto-proxying)
2019-06-25 14:15:07.0501 [restartedMain] INFO   o.s.c.s.PostProcessorRegistrationDelegate$BeanPostProcessorChecker 328 - Bean 'org.springframework.cache.annotation.ProxyCachingConfiguration' of type [org.springframework.cache.annotation.ProxyCachingConfiguration$$EnhancerBySpringCGLIB$$dc34d74f] is not eligible for getting processed by all BeanPostProcessors (for example: not eligible for auto-proxying)
2019-06-25 14:15:07.0545 [restartedMain] INFO   o.s.c.s.PostProcessorRegistrationDelegate$BeanPostProcessorChecker 328 - Bean 'org.springframework.integration.config.IntegrationManagementConfiguration' of type [org.springframework.integration.config.IntegrationManagementConfiguration$$EnhancerBySpringCGLIB$$fe145c60] is not eligible for getting processed by all BeanPostProcessors (for example: not eligible for auto-proxying)
2019-06-25 14:15:07.0578 [restartedMain] INFO   o.s.c.s.PostProcessorRegistrationDelegate$BeanPostProcessorChecker 328 - Bean 'org.springframework.cloud.autoconfigure.ConfigurationPropertiesRebinderAutoConfiguration' of type [org.springframework.cloud.autoconfigure.ConfigurationPropertiesRebinderAutoConfiguration$$EnhancerBySpringCGLIB$$af3ca42e] is not eligible for getting processed by all BeanPostProcessors (for example: not eligible for auto-proxying)
2019-06-25 14:15:08.0071 [restartedMain] INFO   o.s.b.w.e.tomcat.TomcatWebServer 91 - Tomcat initialized with port(s): 8888 (http)
2019-06-25 14:15:08.0081 [restartedMain] INFO   o.a.coyote.http11.Http11NioProtocol 180 - Initializing ProtocolHandler ["http-nio-8888"]
2019-06-25 14:15:08.0089 [restartedMain] INFO   o.a.catalina.core.StandardService 180 - Starting service [Tomcat]
2019-06-25 14:15:08.0089 [restartedMain] INFO   o.a.catalina.core.StandardEngine 180 - Starting Servlet Engine: Apache Tomcat/8.5.28
2019-06-25 14:15:08.0092 [localhost-startStop-1] INFO   o.a.c.core.AprLifecycleListener 180 - Loaded APR based Apache Tomcat Native library [1.2.16] using APR version [1.6.3].
2019-06-25 14:15:08.0092 [localhost-startStop-1] INFO   o.a.c.core.AprLifecycleListener 180 - APR capabilities: IPv6 [true], sendfile [true], accept filters [false], random [true].
2019-06-25 14:15:08.0093 [localhost-startStop-1] INFO   o.a.c.core.AprLifecycleListener 180 - APR/OpenSSL configuration: useAprConnector [false], useOpenSSL [true]
2019-06-25 14:15:09.0134 [localhost-startStop-1] INFO   o.a.c.core.AprLifecycleListener 180 - OpenSSL successfully initialized [OpenSSL 1.0.2m  2 Nov 2017]
2019-06-25 14:15:09.0254 [localhost-startStop-1] INFO   o.a.c.c.C.[Tomcat].[localhost].[/] 180 - Initializing Spring embedded WebApplicationContext
2019-06-25 14:15:09.0254 [localhost-startStop-1] INFO   o.s.web.context.ContextLoader 285 - Root WebApplicationContext: initialization completed in 3141 ms
2019-06-25 14:15:09.0434 [localhost-startStop-1] INFO   o.s.b.w.s.ServletRegistrationBean 185 - Servlet dispatcherServlet mapped to [/]
2019-06-25 14:15:09.0438 [localhost-startStop-1] INFO   o.s.b.w.s.FilterRegistrationBean 243 - Mapping filter: 'characterEncodingFilter' to: [/*]
2019-06-25 14:15:09.0439 [localhost-startStop-1] INFO   o.s.b.w.s.FilterRegistrationBean 243 - Mapping filter: 'hiddenHttpMethodFilter' to: [/*]
2019-06-25 14:15:09.0439 [localhost-startStop-1] INFO   o.s.b.w.s.FilterRegistrationBean 243 - Mapping filter: 'httpPutFormContentFilter' to: [/*]
2019-06-25 14:15:09.0439 [localhost-startStop-1] INFO   o.s.b.w.s.FilterRegistrationBean 243 - Mapping filter: 'requestContextFilter' to: [/*]
2019-06-25 14:15:09.0503 [restartedMain] INFO   o.s.aop.framework.CglibAopProxy 272 - Method [void com.zaxxer.hikari.HikariConfig.seal()] is package-visible across different ClassLoaders and cannot get proxied via CGLIB: Declare this method as public or protected if you need to support invocations through the proxy.
2019-06-25 14:15:09.0686 [restartedMain] INFO   com.zaxxer.hikari.HikariDataSource 110 - HikariPool-1 - Starting...
2019-06-25 14:15:09.0846 [restartedMain] INFO   com.zaxxer.hikari.HikariDataSource 123 - HikariPool-1 - Start completed.
2019-06-25 14:15:09.0903 [restartedMain] INFO   o.s.o.j.LocalContainerEntityManagerFactoryBean 361 - Building JPA container EntityManagerFactory for persistence unit 'default'
2019-06-25 14:15:09.0916 [restartedMain] INFO   o.h.jpa.internal.util.LogHelper 31 - HHH000204: Processing PersistenceUnitInfo [
	name: default
	...]
2019-06-25 14:15:09.0989 [restartedMain] INFO   org.hibernate.Version 45 - HHH000412: Hibernate Core {5.2.14.Final}
2019-06-25 14:15:09.0991 [restartedMain] INFO   org.hibernate.cfg.Environment 213 - HHH000206: hibernate.properties not found
2019-06-25 14:15:10.0037 [restartedMain] INFO   o.h.annotations.common.Version 66 - HCANN000001: Hibernate Commons Annotations {5.0.1.Final}
2019-06-25 14:15:10.0168 [restartedMain] INFO   org.hibernate.dialect.Dialect 157 - HHH000400: Using dialect: org.hibernate.dialect.MySQL5Dialect
2019-06-25 14:15:10.0629 [restartedMain] INFO   o.s.o.j.LocalContainerEntityManagerFactoryBean 394 - Initialized JPA EntityManagerFactory for persistence unit 'default'
2019-06-25 14:15:10.0997 [restartedMain] INFO   o.a.r.client.consumer.MQPushConsumer 41 - MQ：启动消费者
2019-06-25 14:15:13.0458 [restartedMain] INFO   com.dmsoft.fire.mq.MqProducer 34 - MQ：启动生产者
2019-06-25 14:15:13.0506 [restartedMain] INFO   com.dmsoft.fire.netty.NettyServer 35 - Netty服务端正在启动...
2019-06-25 14:15:13.0508 [restartedMain] WARN   io.netty.bootstrap.ServerBootstrap 146 - Unknown channel option 'SO_KEEPALIVE' for channel '[id: 0x19afa870]'
2019-06-25 14:15:13.0519 [restartedMain] INFO   com.dmsoft.fire.netty.NettyServer 40 - Netty服务端启动成功！
2019-06-25 14:17:18.0213 [restartedMain] INFO   com.dmsoft.fire.FireApplication 652 - No active profile set, falling back to default profiles: default
2019-06-25 14:17:18.0229 [restartedMain] INFO   o.s.b.w.s.c.AnnotationConfigServletWebServerApplicationContext 589 - Refreshing org.springframework.boot.web.servlet.context.AnnotationConfigServletWebServerApplicationContext@147cd709: startup date [Tue Jun 25 14:17:18 CST 2019]; parent: org.springframework.context.annotation.AnnotationConfigApplicationContext@13e82bd4
2019-06-25 14:17:18.0740 [restartedMain] INFO   o.s.b.f.s.DefaultListableBeanFactory 824 - Overriding bean definition for bean 'redisUtil' with a different definition: replacing [Generic bean: class [com.dmsoft.fire.util.RedisUtil]; scope=singleton; abstract=false; lazyInit=false; autowireMode=0; dependencyCheck=0; autowireCandidate=true; primary=false; factoryBeanName=null; factoryMethodName=null; initMethodName=null; destroyMethodName=null; defined in file [C:\Users\Administrator\Desktop\fire\target\classes\com\dmsoft\fire\util\RedisUtil.class]] with [Root bean: class [null]; scope=; abstract=false; lazyInit=false; autowireMode=3; dependencyCheck=0; autowireCandidate=true; primary=false; factoryBeanName=redisConfig; factoryMethodName=redisUtil; initMethodName=null; destroyMethodName=(inferred); defined in class path resource [com/dmsoft/fire/config/RedisConfig.class]]
2019-06-25 14:17:18.0876 [restartedMain] INFO   o.s.d.r.c.RepositoryConfigurationDelegate 163 - Multiple Spring Data modules found, entering strict repository configuration mode!
2019-06-25 14:17:18.0943 [restartedMain] INFO   o.s.d.r.c.RepositoryConfigurationDelegate 163 - Multiple Spring Data modules found, entering strict repository configuration mode!
2019-06-25 14:17:18.0964 [restartedMain] INFO   o.s.d.r.c.RepositoryConfigurationExtensionSupport 283 - Spring Data Redis - Could not safely identify store assignment for repository candidate interface com.dmsoft.fire.dao.CommodityDao.
2019-06-25 14:17:18.0965 [restartedMain] INFO   o.s.d.r.c.RepositoryConfigurationExtensionSupport 283 - Spring Data Redis - Could not safely identify store assignment for repository candidate interface com.dmsoft.fire.dao.SysLogDao.
2019-06-25 14:17:19.0017 [restartedMain] INFO   o.s.i.config.IntegrationRegistrar 338 - No bean named 'integrationHeaderChannelRegistry' has been explicitly defined. Therefore, a default DefaultHeaderChannelRegistry will be created.
2019-06-25 14:17:19.0148 [restartedMain] INFO   o.s.b.f.s.DefaultListableBeanFactory 824 - Overriding bean definition for bean 'dataSource' with a different definition: replacing [Root bean: class [null]; scope=refresh; abstract=false; lazyInit=false; autowireMode=3; dependencyCheck=0; autowireCandidate=false; primary=false; factoryBeanName=org.springframework.boot.autoconfigure.jdbc.DataSourceConfiguration$Hikari; factoryMethodName=dataSource; initMethodName=null; destroyMethodName=(inferred); defined in class path resource [org/springframework/boot/autoconfigure/jdbc/DataSourceConfiguration$Hikari.class]] with [Root bean: class [org.springframework.aop.scope.ScopedProxyFactoryBean]; scope=; abstract=false; lazyInit=false; autowireMode=0; dependencyCheck=0; autowireCandidate=true; primary=false; factoryBeanName=null; factoryMethodName=null; initMethodName=null; destroyMethodName=null; defined in BeanDefinition defined in class path resource [org/springframework/boot/autoconfigure/jdbc/DataSourceConfiguration$Hikari.class]]
2019-06-25 14:17:19.0282 [restartedMain] INFO   o.s.cloud.context.scope.GenericScope 294 - BeanFactory id=42d5deeb-f9d1-313d-bd3f-b25f3d4c807b
2019-06-25 14:17:19.0299 [restartedMain] INFO   o.s.i.c.DefaultConfiguringBeanFactoryPostProcessor 130 - No bean named 'errorChannel' has been explicitly defined. Therefore, a default PublishSubscribeChannel will be created.
2019-06-25 14:17:19.0303 [restartedMain] INFO   o.s.i.c.DefaultConfiguringBeanFactoryPostProcessor 158 - No bean named 'taskScheduler' has been explicitly defined. Therefore, a default ThreadPoolTaskScheduler will be created.
2019-06-25 14:17:19.0314 [restartedMain] INFO   o.s.b.f.a.AutowiredAnnotationBeanPostProcessor 154 - JSR-330 'javax.inject.Inject' annotation found and supported for autowiring
2019-06-25 14:17:19.0457 [restartedMain] INFO   o.s.c.s.PostProcessorRegistrationDelegate$BeanPostProcessorChecker 328 - Bean 'org.springframework.transaction.annotation.ProxyTransactionManagementConfiguration' of type [org.springframework.transaction.annotation.ProxyTransactionManagementConfiguration$$EnhancerBySpringCGLIB$$c29b7917] is not eligible for getting processed by all BeanPostProcessors (for example: not eligible for auto-proxying)
2019-06-25 14:17:19.0556 [restartedMain] INFO   o.s.c.s.PostProcessorRegistrationDelegate$BeanPostProcessorChecker 328 - Bean 'redisConfig' of type [com.dmsoft.fire.config.RedisConfig$$EnhancerBySpringCGLIB$$a8ec44b7] is not eligible for getting processed by all BeanPostProcessors (for example: not eligible for auto-proxying)
2019-06-25 14:17:19.0565 [restartedMain] INFO   o.s.c.s.PostProcessorRegistrationDelegate$BeanPostProcessorChecker 328 - Bean 'org.springframework.cache.annotation.ProxyCachingConfiguration' of type [org.springframework.cache.annotation.ProxyCachingConfiguration$$EnhancerBySpringCGLIB$$badaf35] is not eligible for getting processed by all BeanPostProcessors (for example: not eligible for auto-proxying)
2019-06-25 14:17:19.0607 [restartedMain] INFO   o.s.c.s.PostProcessorRegistrationDelegate$BeanPostProcessorChecker 328 - Bean 'org.springframework.integration.config.IntegrationManagementConfiguration' of type [org.springframework.integration.config.IntegrationManagementConfiguration$$EnhancerBySpringCGLIB$$2d8d3446] is not eligible for getting processed by all BeanPostProcessors (for example: not eligible for auto-proxying)
2019-06-25 14:17:19.0637 [restartedMain] INFO   o.s.c.s.PostProcessorRegistrationDelegate$BeanPostProcessorChecker 328 - Bean 'org.springframework.cloud.autoconfigure.ConfigurationPropertiesRebinderAutoConfiguration' of type [org.springframework.cloud.autoconfigure.ConfigurationPropertiesRebinderAutoConfiguration$$EnhancerBySpringCGLIB$$deb57c14] is not eligible for getting processed by all BeanPostProcessors (for example: not eligible for auto-proxying)
2019-06-25 14:17:20.0165 [restartedMain] INFO   o.s.b.w.e.tomcat.TomcatWebServer 91 - Tomcat initialized with port(s): 8888 (http)
2019-06-25 14:17:20.0175 [restartedMain] INFO   o.a.coyote.http11.Http11NioProtocol 180 - Initializing ProtocolHandler ["http-nio-8888"]
2019-06-25 14:17:20.0182 [restartedMain] INFO   o.a.catalina.core.StandardService 180 - Starting service [Tomcat]
2019-06-25 14:17:20.0183 [restartedMain] INFO   o.a.catalina.core.StandardEngine 180 - Starting Servlet Engine: Apache Tomcat/8.5.28
2019-06-25 14:17:20.0186 [localhost-startStop-1] INFO   o.a.c.core.AprLifecycleListener 180 - Loaded APR based Apache Tomcat Native library [1.2.16] using APR version [1.6.3].
2019-06-25 14:17:20.0186 [localhost-startStop-1] INFO   o.a.c.core.AprLifecycleListener 180 - APR capabilities: IPv6 [true], sendfile [true], accept filters [false], random [true].
2019-06-25 14:17:20.0187 [localhost-startStop-1] INFO   o.a.c.core.AprLifecycleListener 180 - APR/OpenSSL configuration: useAprConnector [false], useOpenSSL [true]
2019-06-25 14:17:21.0218 [localhost-startStop-1] INFO   o.a.c.core.AprLifecycleListener 180 - OpenSSL successfully initialized [OpenSSL 1.0.2m  2 Nov 2017]
2019-06-25 14:17:21.0359 [localhost-startStop-1] INFO   o.a.c.c.C.[Tomcat].[localhost].[/] 180 - Initializing Spring embedded WebApplicationContext
2019-06-25 14:17:21.0359 [localhost-startStop-1] INFO   o.s.web.context.ContextLoader 285 - Root WebApplicationContext: initialization completed in 3130 ms
2019-06-25 14:17:21.0556 [localhost-startStop-1] INFO   o.s.b.w.s.ServletRegistrationBean 185 - Servlet dispatcherServlet mapped to [/]
2019-06-25 14:17:21.0561 [localhost-startStop-1] INFO   o.s.b.w.s.FilterRegistrationBean 243 - Mapping filter: 'characterEncodingFilter' to: [/*]
2019-06-25 14:17:21.0561 [localhost-startStop-1] INFO   o.s.b.w.s.FilterRegistrationBean 243 - Mapping filter: 'hiddenHttpMethodFilter' to: [/*]
2019-06-25 14:17:21.0562 [localhost-startStop-1] INFO   o.s.b.w.s.FilterRegistrationBean 243 - Mapping filter: 'httpPutFormContentFilter' to: [/*]
2019-06-25 14:17:21.0562 [localhost-startStop-1] INFO   o.s.b.w.s.FilterRegistrationBean 243 - Mapping filter: 'requestContextFilter' to: [/*]
2019-06-25 14:17:21.0630 [restartedMain] INFO   o.s.aop.framework.CglibAopProxy 272 - Method [void com.zaxxer.hikari.HikariConfig.seal()] is package-visible across different ClassLoaders and cannot get proxied via CGLIB: Declare this method as public or protected if you need to support invocations through the proxy.
2019-06-25 14:17:21.0809 [restartedMain] INFO   com.zaxxer.hikari.HikariDataSource 110 - HikariPool-1 - Starting...
2019-06-25 14:17:21.0928 [restartedMain] INFO   com.zaxxer.hikari.HikariDataSource 123 - HikariPool-1 - Start completed.
2019-06-25 14:17:21.0986 [restartedMain] INFO   o.s.o.j.LocalContainerEntityManagerFactoryBean 361 - Building JPA container EntityManagerFactory for persistence unit 'default'
2019-06-25 14:17:21.0997 [restartedMain] INFO   o.h.jpa.internal.util.LogHelper 31 - HHH000204: Processing PersistenceUnitInfo [
	name: default
	...]
2019-06-25 14:17:22.0072 [restartedMain] INFO   org.hibernate.Version 45 - HHH000412: Hibernate Core {5.2.14.Final}
2019-06-25 14:17:22.0074 [restartedMain] INFO   org.hibernate.cfg.Environment 213 - HHH000206: hibernate.properties not found
2019-06-25 14:17:22.0119 [restartedMain] INFO   o.h.annotations.common.Version 66 - HCANN000001: Hibernate Commons Annotations {5.0.1.Final}
2019-06-25 14:17:22.0237 [restartedMain] INFO   org.hibernate.dialect.Dialect 157 - HHH000400: Using dialect: org.hibernate.dialect.MySQL5Dialect
2019-06-25 14:17:22.0660 [restartedMain] INFO   o.s.o.j.LocalContainerEntityManagerFactoryBean 394 - Initialized JPA EntityManagerFactory for persistence unit 'default'
2019-06-25 14:17:23.0001 [restartedMain] INFO   o.a.r.client.consumer.MQPushConsumer 41 - MQ：启动消费者
2019-06-25 14:17:25.0490 [restartedMain] INFO   com.dmsoft.fire.mq.MqProducer 34 - MQ：启动生产者
2019-06-25 14:17:25.0537 [restartedMain] INFO   com.dmsoft.fire.netty.NettyServer 35 - Netty服务端正在启动...
2019-06-25 14:17:25.0539 [restartedMain] WARN   io.netty.bootstrap.ServerBootstrap 146 - Unknown channel option 'SO_KEEPALIVE' for channel '[id: 0xf6fee5a0]'
2019-06-25 14:17:25.0549 [restartedMain] INFO   com.dmsoft.fire.netty.NettyServer 40 - Netty服务端启动成功！
2019-06-25 14:19:12.0213 [restartedMain] INFO   com.dmsoft.fire.FireApplication 652 - No active profile set, falling back to default profiles: default
2019-06-25 14:19:12.0229 [restartedMain] INFO   o.s.b.w.s.c.AnnotationConfigServletWebServerApplicationContext 589 - Refreshing org.springframework.boot.web.servlet.context.AnnotationConfigServletWebServerApplicationContext@1d40a3e: startup date [Tue Jun 25 14:19:12 CST 2019]; parent: org.springframework.context.annotation.AnnotationConfigApplicationContext@62780831
2019-06-25 14:19:12.0732 [restartedMain] INFO   o.s.b.f.s.DefaultListableBeanFactory 824 - Overriding bean definition for bean 'redisUtil' with a different definition: replacing [Generic bean: class [com.dmsoft.fire.util.RedisUtil]; scope=singleton; abstract=false; lazyInit=false; autowireMode=0; dependencyCheck=0; autowireCandidate=true; primary=false; factoryBeanName=null; factoryMethodName=null; initMethodName=null; destroyMethodName=null; defined in file [C:\Users\Administrator\Desktop\fire\target\classes\com\dmsoft\fire\util\RedisUtil.class]] with [Root bean: class [null]; scope=; abstract=false; lazyInit=false; autowireMode=3; dependencyCheck=0; autowireCandidate=true; primary=false; factoryBeanName=redisConfig; factoryMethodName=redisUtil; initMethodName=null; destroyMethodName=(inferred); defined in class path resource [com/dmsoft/fire/config/RedisConfig.class]]
2019-06-25 14:19:12.0861 [restartedMain] INFO   o.s.d.r.c.RepositoryConfigurationDelegate 163 - Multiple Spring Data modules found, entering strict repository configuration mode!
2019-06-25 14:19:12.0935 [restartedMain] INFO   o.s.d.r.c.RepositoryConfigurationDelegate 163 - Multiple Spring Data modules found, entering strict repository configuration mode!
2019-06-25 14:19:12.0958 [restartedMain] INFO   o.s.d.r.c.RepositoryConfigurationExtensionSupport 283 - Spring Data Redis - Could not safely identify store assignment for repository candidate interface com.dmsoft.fire.dao.CommodityDao.
2019-06-25 14:19:12.0960 [restartedMain] INFO   o.s.d.r.c.RepositoryConfigurationExtensionSupport 283 - Spring Data Redis - Could not safely identify store assignment for repository candidate interface com.dmsoft.fire.dao.SysLogDao.
2019-06-25 14:19:13.0011 [restartedMain] INFO   o.s.i.config.IntegrationRegistrar 338 - No bean named 'integrationHeaderChannelRegistry' has been explicitly defined. Therefore, a default DefaultHeaderChannelRegistry will be created.
2019-06-25 14:19:13.0147 [restartedMain] INFO   o.s.b.f.s.DefaultListableBeanFactory 824 - Overriding bean definition for bean 'dataSource' with a different definition: replacing [Root bean: class [null]; scope=refresh; abstract=false; lazyInit=false; autowireMode=3; dependencyCheck=0; autowireCandidate=false; primary=false; factoryBeanName=org.springframework.boot.autoconfigure.jdbc.DataSourceConfiguration$Hikari; factoryMethodName=dataSource; initMethodName=null; destroyMethodName=(inferred); defined in class path resource [org/springframework/boot/autoconfigure/jdbc/DataSourceConfiguration$Hikari.class]] with [Root bean: class [org.springframework.aop.scope.ScopedProxyFactoryBean]; scope=; abstract=false; lazyInit=false; autowireMode=0; dependencyCheck=0; autowireCandidate=true; primary=false; factoryBeanName=null; factoryMethodName=null; initMethodName=null; destroyMethodName=null; defined in BeanDefinition defined in class path resource [org/springframework/boot/autoconfigure/jdbc/DataSourceConfiguration$Hikari.class]]
2019-06-25 14:19:13.0281 [restartedMain] INFO   o.s.cloud.context.scope.GenericScope 294 - BeanFactory id=42d5deeb-f9d1-313d-bd3f-b25f3d4c807b
2019-06-25 14:19:13.0298 [restartedMain] INFO   o.s.i.c.DefaultConfiguringBeanFactoryPostProcessor 130 - No bean named 'errorChannel' has been explicitly defined. Therefore, a default PublishSubscribeChannel will be created.
2019-06-25 14:19:13.0302 [restartedMain] INFO   o.s.i.c.DefaultConfiguringBeanFactoryPostProcessor 158 - No bean named 'taskScheduler' has been explicitly defined. Therefore, a default ThreadPoolTaskScheduler will be created.
2019-06-25 14:19:13.0313 [restartedMain] INFO   o.s.b.f.a.AutowiredAnnotationBeanPostProcessor 154 - JSR-330 'javax.inject.Inject' annotation found and supported for autowiring
2019-06-25 14:19:13.0468 [restartedMain] INFO   o.s.c.s.PostProcessorRegistrationDelegate$BeanPostProcessorChecker 328 - Bean 'org.springframework.transaction.annotation.ProxyTransactionManagementConfiguration' of type [org.springframework.transaction.annotation.ProxyTransactionManagementConfiguration$$EnhancerBySpringCGLIB$$2d764916] is not eligible for getting processed by all BeanPostProcessors (for example: not eligible for auto-proxying)
2019-06-25 14:19:13.0580 [restartedMain] INFO   o.s.c.s.PostProcessorRegistrationDelegate$BeanPostProcessorChecker 328 - Bean 'redisConfig' of type [com.dmsoft.fire.config.RedisConfig$$EnhancerBySpringCGLIB$$13c714b6] is not eligible for getting processed by all BeanPostProcessors (for example: not eligible for auto-proxying)
2019-06-25 14:19:13.0591 [restartedMain] INFO   o.s.c.s.PostProcessorRegistrationDelegate$BeanPostProcessorChecker 328 - Bean 'org.springframework.cache.annotation.ProxyCachingConfiguration' of type [org.springframework.cache.annotation.ProxyCachingConfiguration$$EnhancerBySpringCGLIB$$76887f34] is not eligible for getting processed by all BeanPostProcessors (for example: not eligible for auto-proxying)
2019-06-25 14:19:13.0642 [restartedMain] INFO   o.s.c.s.PostProcessorRegistrationDelegate$BeanPostProcessorChecker 328 - Bean 'org.springframework.integration.config.IntegrationManagementConfiguration' of type [org.springframework.integration.config.IntegrationManagementConfiguration$$EnhancerBySpringCGLIB$$98680445] is not eligible for getting processed by all BeanPostProcessors (for example: not eligible for auto-proxying)
2019-06-25 14:19:13.0812 [restartedMain] INFO   o.s.c.s.PostProcessorRegistrationDelegate$BeanPostProcessorChecker 328 - Bean 'org.springframework.cloud.autoconfigure.ConfigurationPropertiesRebinderAutoConfiguration' of type [org.springframework.cloud.autoconfigure.ConfigurationPropertiesRebinderAutoConfiguration$$EnhancerBySpringCGLIB$$49904c13] is not eligible for getting processed by all BeanPostProcessors (for example: not eligible for auto-proxying)
2019-06-25 14:19:14.0252 [restartedMain] INFO   o.s.b.w.e.tomcat.TomcatWebServer 91 - Tomcat initialized with port(s): 8888 (http)
2019-06-25 14:19:14.0262 [restartedMain] INFO   o.a.coyote.http11.Http11NioProtocol 180 - Initializing ProtocolHandler ["http-nio-8888"]
2019-06-25 14:19:14.0269 [restartedMain] INFO   o.a.catalina.core.StandardService 180 - Starting service [Tomcat]
2019-06-25 14:19:14.0270 [restartedMain] INFO   o.a.catalina.core.StandardEngine 180 - Starting Servlet Engine: Apache Tomcat/8.5.28
2019-06-25 14:19:14.0273 [localhost-startStop-1] INFO   o.a.c.core.AprLifecycleListener 180 - Loaded APR based Apache Tomcat Native library [1.2.16] using APR version [1.6.3].
2019-06-25 14:19:14.0273 [localhost-startStop-1] INFO   o.a.c.core.AprLifecycleListener 180 - APR capabilities: IPv6 [true], sendfile [true], accept filters [false], random [true].
2019-06-25 14:19:14.0274 [localhost-startStop-1] INFO   o.a.c.core.AprLifecycleListener 180 - APR/OpenSSL configuration: useAprConnector [false], useOpenSSL [true]
2019-06-25 14:19:15.0325 [localhost-startStop-1] INFO   o.a.c.core.AprLifecycleListener 180 - OpenSSL successfully initialized [OpenSSL 1.0.2m  2 Nov 2017]
2019-06-25 14:19:15.0468 [localhost-startStop-1] INFO   o.a.c.c.C.[Tomcat].[localhost].[/] 180 - Initializing Spring embedded WebApplicationContext
2019-06-25 14:19:15.0468 [localhost-startStop-1] INFO   o.s.web.context.ContextLoader 285 - Root WebApplicationContext: initialization completed in 3239 ms
2019-06-25 14:19:15.0667 [localhost-startStop-1] INFO   o.s.b.w.s.ServletRegistrationBean 185 - Servlet dispatcherServlet mapped to [/]
2019-06-25 14:19:15.0672 [localhost-startStop-1] INFO   o.s.b.w.s.FilterRegistrationBean 243 - Mapping filter: 'characterEncodingFilter' to: [/*]
2019-06-25 14:19:15.0673 [localhost-startStop-1] INFO   o.s.b.w.s.FilterRegistrationBean 243 - Mapping filter: 'hiddenHttpMethodFilter' to: [/*]
2019-06-25 14:19:15.0673 [localhost-startStop-1] INFO   o.s.b.w.s.FilterRegistrationBean 243 - Mapping filter: 'httpPutFormContentFilter' to: [/*]
2019-06-25 14:19:15.0673 [localhost-startStop-1] INFO   o.s.b.w.s.FilterRegistrationBean 243 - Mapping filter: 'requestContextFilter' to: [/*]
2019-06-25 14:19:15.0743 [restartedMain] INFO   o.s.aop.framework.CglibAopProxy 272 - Method [void com.zaxxer.hikari.HikariConfig.seal()] is package-visible across different ClassLoaders and cannot get proxied via CGLIB: Declare this method as public or protected if you need to support invocations through the proxy.
2019-06-25 14:19:15.0919 [restartedMain] INFO   com.zaxxer.hikari.HikariDataSource 110 - HikariPool-1 - Starting...
2019-06-25 14:19:16.0035 [restartedMain] INFO   com.zaxxer.hikari.HikariDataSource 123 - HikariPool-1 - Start completed.
2019-06-25 14:19:16.0091 [restartedMain] INFO   o.s.o.j.LocalContainerEntityManagerFactoryBean 361 - Building JPA container EntityManagerFactory for persistence unit 'default'
2019-06-25 14:19:16.0102 [restartedMain] INFO   o.h.jpa.internal.util.LogHelper 31 - HHH000204: Processing PersistenceUnitInfo [
	name: default
	...]
2019-06-25 14:19:16.0179 [restartedMain] INFO   org.hibernate.Version 45 - HHH000412: Hibernate Core {5.2.14.Final}
2019-06-25 14:19:16.0180 [restartedMain] INFO   org.hibernate.cfg.Environment 213 - HHH000206: hibernate.properties not found
2019-06-25 14:19:16.0228 [restartedMain] INFO   o.h.annotations.common.Version 66 - HCANN000001: Hibernate Commons Annotations {5.0.1.Final}
2019-06-25 14:19:16.0348 [restartedMain] INFO   org.hibernate.dialect.Dialect 157 - HHH000400: Using dialect: org.hibernate.dialect.MySQL5Dialect
2019-06-25 14:19:16.0819 [restartedMain] INFO   o.s.o.j.LocalContainerEntityManagerFactoryBean 394 - Initialized JPA EntityManagerFactory for persistence unit 'default'
2019-06-25 14:19:17.0107 [restartedMain] WARN   o.s.b.w.s.c.AnnotationConfigServletWebServerApplicationContext 557 - Exception encountered during context initialization - cancelling refresh attempt: org.springframework.beans.factory.BeanCreationException: Error creating bean with name 'nettyServerConfig': Injection of resource dependencies failed; nested exception is org.springframework.beans.factory.BeanCreationException: Error creating bean with name 'transMsgAdapterInitializer': Injection of resource dependencies failed; nested exception is org.springframework.beans.factory.NoSuchBeanDefinitionException: No qualifying bean of type 'io.netty.handler.codec.string.StringDecoder' available: expected at least 1 bean which qualifies as autowire candidate. Dependency annotations: {@javax.annotation.Resource(shareable=true, lookup=, name=, description=, authenticationType=CONTAINER, type=class java.lang.Object, mappedName=)}
2019-06-25 14:19:17.0139 [restartedMain] INFO   o.s.o.j.LocalContainerEntityManagerFactoryBean 572 - Closing JPA EntityManagerFactory for persistence unit 'default'
2019-06-25 14:19:17.0141 [restartedMain] INFO   com.zaxxer.hikari.HikariDataSource 381 - HikariPool-1 - Shutdown initiated...
2019-06-25 14:19:17.0147 [restartedMain] INFO   com.zaxxer.hikari.HikariDataSource 383 - HikariPool-1 - Shutdown completed.
2019-06-25 14:19:17.0148 [restartedMain] INFO   o.a.catalina.core.StandardService 180 - Stopping service [Tomcat]
2019-06-25 14:19:17.0161 [restartedMain] INFO   o.s.b.a.l.ConditionEvaluationReportLoggingListener 101 - 

Error starting ApplicationContext. To display the conditions report re-run your application with 'debug' enabled.
2019-06-25 14:21:31.0983 [restartedMain] INFO   com.dmsoft.fire.FireApplication 652 - No active profile set, falling back to default profiles: default
2019-06-25 14:21:31.0999 [restartedMain] INFO   o.s.b.w.s.c.AnnotationConfigServletWebServerApplicationContext 589 - Refreshing org.springframework.boot.web.servlet.context.AnnotationConfigServletWebServerApplicationContext@5c8600f: startup date [Tue Jun 25 14:21:31 CST 2019]; parent: org.springframework.context.annotation.AnnotationConfigApplicationContext@5b879447
2019-06-25 14:21:32.0507 [restartedMain] INFO   o.s.b.f.s.DefaultListableBeanFactory 824 - Overriding bean definition for bean 'redisUtil' with a different definition: replacing [Generic bean: class [com.dmsoft.fire.util.RedisUtil]; scope=singleton; abstract=false; lazyInit=false; autowireMode=0; dependencyCheck=0; autowireCandidate=true; primary=false; factoryBeanName=null; factoryMethodName=null; initMethodName=null; destroyMethodName=null; defined in file [C:\Users\Administrator\Desktop\fire\target\classes\com\dmsoft\fire\util\RedisUtil.class]] with [Root bean: class [null]; scope=; abstract=false; lazyInit=false; autowireMode=3; dependencyCheck=0; autowireCandidate=true; primary=false; factoryBeanName=redisConfig; factoryMethodName=redisUtil; initMethodName=null; destroyMethodName=(inferred); defined in class path resource [com/dmsoft/fire/config/RedisConfig.class]]
2019-06-25 14:21:32.0631 [restartedMain] INFO   o.s.d.r.c.RepositoryConfigurationDelegate 163 - Multiple Spring Data modules found, entering strict repository configuration mode!
2019-06-25 14:21:32.0700 [restartedMain] INFO   o.s.d.r.c.RepositoryConfigurationDelegate 163 - Multiple Spring Data modules found, entering strict repository configuration mode!
2019-06-25 14:21:32.0720 [restartedMain] INFO   o.s.d.r.c.RepositoryConfigurationExtensionSupport 283 - Spring Data Redis - Could not safely identify store assignment for repository candidate interface com.dmsoft.fire.dao.CommodityDao.
2019-06-25 14:21:32.0721 [restartedMain] INFO   o.s.d.r.c.RepositoryConfigurationExtensionSupport 283 - Spring Data Redis - Could not safely identify store assignment for repository candidate interface com.dmsoft.fire.dao.SysLogDao.
2019-06-25 14:21:32.0774 [restartedMain] INFO   o.s.i.config.IntegrationRegistrar 338 - No bean named 'integrationHeaderChannelRegistry' has been explicitly defined. Therefore, a default DefaultHeaderChannelRegistry will be created.
2019-06-25 14:21:32.0904 [restartedMain] INFO   o.s.b.f.s.DefaultListableBeanFactory 824 - Overriding bean definition for bean 'dataSource' with a different definition: replacing [Root bean: class [null]; scope=refresh; abstract=false; lazyInit=false; autowireMode=3; dependencyCheck=0; autowireCandidate=false; primary=false; factoryBeanName=org.springframework.boot.autoconfigure.jdbc.DataSourceConfiguration$Hikari; factoryMethodName=dataSource; initMethodName=null; destroyMethodName=(inferred); defined in class path resource [org/springframework/boot/autoconfigure/jdbc/DataSourceConfiguration$Hikari.class]] with [Root bean: class [org.springframework.aop.scope.ScopedProxyFactoryBean]; scope=; abstract=false; lazyInit=false; autowireMode=0; dependencyCheck=0; autowireCandidate=true; primary=false; factoryBeanName=null; factoryMethodName=null; initMethodName=null; destroyMethodName=null; defined in BeanDefinition defined in class path resource [org/springframework/boot/autoconfigure/jdbc/DataSourceConfiguration$Hikari.class]]
2019-06-25 14:21:33.0040 [restartedMain] INFO   o.s.cloud.context.scope.GenericScope 294 - BeanFactory id=eb306f69-0503-397e-bdd9-5d75feea62de
2019-06-25 14:21:33.0057 [restartedMain] INFO   o.s.i.c.DefaultConfiguringBeanFactoryPostProcessor 130 - No bean named 'errorChannel' has been explicitly defined. Therefore, a default PublishSubscribeChannel will be created.
2019-06-25 14:21:33.0062 [restartedMain] INFO   o.s.i.c.DefaultConfiguringBeanFactoryPostProcessor 158 - No bean named 'taskScheduler' has been explicitly defined. Therefore, a default ThreadPoolTaskScheduler will be created.
2019-06-25 14:21:33.0072 [restartedMain] INFO   o.s.b.f.a.AutowiredAnnotationBeanPostProcessor 154 - JSR-330 'javax.inject.Inject' annotation found and supported for autowiring
2019-06-25 14:21:33.0209 [restartedMain] INFO   o.s.c.s.PostProcessorRegistrationDelegate$BeanPostProcessorChecker 328 - Bean 'org.springframework.transaction.annotation.ProxyTransactionManagementConfiguration' of type [org.springframework.transaction.annotation.ProxyTransactionManagementConfiguration$$EnhancerBySpringCGLIB$$3d80042f] is not eligible for getting processed by all BeanPostProcessors (for example: not eligible for auto-proxying)
2019-06-25 14:21:33.0316 [restartedMain] INFO   o.s.c.s.PostProcessorRegistrationDelegate$BeanPostProcessorChecker 328 - Bean 'redisConfig' of type [com.dmsoft.fire.config.RedisConfig$$EnhancerBySpringCGLIB$$23d0cfcf] is not eligible for getting processed by all BeanPostProcessors (for example: not eligible for auto-proxying)
2019-06-25 14:21:33.0326 [restartedMain] INFO   o.s.c.s.PostProcessorRegistrationDelegate$BeanPostProcessorChecker 328 - Bean 'org.springframework.cache.annotation.ProxyCachingConfiguration' of type [org.springframework.cache.annotation.ProxyCachingConfiguration$$EnhancerBySpringCGLIB$$86923a4d] is not eligible for getting processed by all BeanPostProcessors (for example: not eligible for auto-proxying)
2019-06-25 14:21:33.0368 [restartedMain] INFO   o.s.c.s.PostProcessorRegistrationDelegate$BeanPostProcessorChecker 328 - Bean 'org.springframework.integration.config.IntegrationManagementConfiguration' of type [org.springframework.integration.config.IntegrationManagementConfiguration$$EnhancerBySpringCGLIB$$a871bf5e] is not eligible for getting processed by all BeanPostProcessors (for example: not eligible for auto-proxying)
2019-06-25 14:21:33.0399 [restartedMain] INFO   o.s.c.s.PostProcessorRegistrationDelegate$BeanPostProcessorChecker 328 - Bean 'org.springframework.cloud.autoconfigure.ConfigurationPropertiesRebinderAutoConfiguration' of type [org.springframework.cloud.autoconfigure.ConfigurationPropertiesRebinderAutoConfiguration$$EnhancerBySpringCGLIB$$599a072c] is not eligible for getting processed by all BeanPostProcessors (for example: not eligible for auto-proxying)
2019-06-25 14:21:33.0910 [restartedMain] INFO   o.s.b.w.e.tomcat.TomcatWebServer 91 - Tomcat initialized with port(s): 8888 (http)
2019-06-25 14:21:33.0920 [restartedMain] INFO   o.a.coyote.http11.Http11NioProtocol 180 - Initializing ProtocolHandler ["http-nio-8888"]
2019-06-25 14:21:33.0927 [restartedMain] INFO   o.a.catalina.core.StandardService 180 - Starting service [Tomcat]
2019-06-25 14:21:33.0928 [restartedMain] INFO   o.a.catalina.core.StandardEngine 180 - Starting Servlet Engine: Apache Tomcat/8.5.28
2019-06-25 14:21:33.0931 [localhost-startStop-1] INFO   o.a.c.core.AprLifecycleListener 180 - Loaded APR based Apache Tomcat Native library [1.2.16] using APR version [1.6.3].
2019-06-25 14:21:33.0931 [localhost-startStop-1] INFO   o.a.c.core.AprLifecycleListener 180 - APR capabilities: IPv6 [true], sendfile [true], accept filters [false], random [true].
2019-06-25 14:21:33.0931 [localhost-startStop-1] INFO   o.a.c.core.AprLifecycleListener 180 - APR/OpenSSL configuration: useAprConnector [false], useOpenSSL [true]
2019-06-25 14:21:34.0968 [localhost-startStop-1] INFO   o.a.c.core.AprLifecycleListener 180 - OpenSSL successfully initialized [OpenSSL 1.0.2m  2 Nov 2017]
2019-06-25 14:21:35.0100 [localhost-startStop-1] INFO   o.a.c.c.C.[Tomcat].[localhost].[/] 180 - Initializing Spring embedded WebApplicationContext
2019-06-25 14:21:35.0100 [localhost-startStop-1] INFO   o.s.web.context.ContextLoader 285 - Root WebApplicationContext: initialization completed in 3101 ms
2019-06-25 14:21:35.0288 [localhost-startStop-1] INFO   o.s.b.w.s.ServletRegistrationBean 185 - Servlet dispatcherServlet mapped to [/]
2019-06-25 14:21:35.0293 [localhost-startStop-1] INFO   o.s.b.w.s.FilterRegistrationBean 243 - Mapping filter: 'characterEncodingFilter' to: [/*]
2019-06-25 14:21:35.0293 [localhost-startStop-1] INFO   o.s.b.w.s.FilterRegistrationBean 243 - Mapping filter: 'hiddenHttpMethodFilter' to: [/*]
2019-06-25 14:21:35.0294 [localhost-startStop-1] INFO   o.s.b.w.s.FilterRegistrationBean 243 - Mapping filter: 'httpPutFormContentFilter' to: [/*]
2019-06-25 14:21:35.0294 [localhost-startStop-1] INFO   o.s.b.w.s.FilterRegistrationBean 243 - Mapping filter: 'requestContextFilter' to: [/*]
2019-06-25 14:21:35.0350 [restartedMain] INFO   o.s.aop.framework.CglibAopProxy 272 - Method [void com.zaxxer.hikari.HikariConfig.seal()] is package-visible across different ClassLoaders and cannot get proxied via CGLIB: Declare this method as public or protected if you need to support invocations through the proxy.
2019-06-25 14:21:35.0535 [restartedMain] INFO   com.zaxxer.hikari.HikariDataSource 110 - HikariPool-1 - Starting...
2019-06-25 14:21:35.0653 [restartedMain] INFO   com.zaxxer.hikari.HikariDataSource 123 - HikariPool-1 - Start completed.
2019-06-25 14:21:35.0705 [restartedMain] INFO   o.s.o.j.LocalContainerEntityManagerFactoryBean 361 - Building JPA container EntityManagerFactory for persistence unit 'default'
2019-06-25 14:21:35.0717 [restartedMain] INFO   o.h.jpa.internal.util.LogHelper 31 - HHH000204: Processing PersistenceUnitInfo [
	name: default
	...]
2019-06-25 14:21:35.0786 [restartedMain] INFO   org.hibernate.Version 45 - HHH000412: Hibernate Core {5.2.14.Final}
2019-06-25 14:21:35.0787 [restartedMain] INFO   org.hibernate.cfg.Environment 213 - HHH000206: hibernate.properties not found
2019-06-25 14:21:35.0833 [restartedMain] INFO   o.h.annotations.common.Version 66 - HCANN000001: Hibernate Commons Annotations {5.0.1.Final}
2019-06-25 14:21:35.0951 [restartedMain] INFO   org.hibernate.dialect.Dialect 157 - HHH000400: Using dialect: org.hibernate.dialect.MySQL5Dialect
2019-06-25 14:21:36.0364 [restartedMain] INFO   o.s.o.j.LocalContainerEntityManagerFactoryBean 394 - Initialized JPA EntityManagerFactory for persistence unit 'default'
2019-06-25 14:21:36.0773 [restartedMain] INFO   o.a.r.client.consumer.MQPushConsumer 41 - MQ：启动消费者
2019-06-25 14:21:39.0308 [restartedMain] INFO   com.dmsoft.fire.mq.MqProducer 34 - MQ：启动生产者
2019-06-25 14:21:39.0356 [restartedMain] INFO   com.dmsoft.fire.netty.NettyServer 35 - Netty服务端正在启动...
2019-06-25 14:21:39.0358 [restartedMain] WARN   io.netty.bootstrap.ServerBootstrap 146 - Unknown channel option 'SO_KEEPALIVE' for channel '[id: 0x747b5b1f]'
2019-06-25 14:21:39.0368 [restartedMain] INFO   com.dmsoft.fire.netty.NettyServer 40 - Netty服务端启动成功！
2019-06-25 14:21:47.0213 [nioEventLoopGroup-5-1] INFO   com.dmsoft.fire.netty.ServerHandler 29 - 客户端 {192.168.30.88} 已成功连接
